<?xml version="1.0" encoding="UTF-8"?>
<testsuite xmlns:xsi="http://www.w3.org/2001/XMLSchema-instance" xsi:noNamespaceSchemaLocation="https://maven.apache.org/surefire/maven-surefire-plugin/xsd/surefire-test-report.xsd" name="TestSuite" time="229.193" tests="16" errors="0" skipped="0" failures="4">
  <properties>
[...]
</properties>
  <testcase name="runScenario" classname="com.zerobank.runner.TestRunner" time="18.641"/>
  <testcase name="runScenario" classname="com.zerobank.runner.TestRunner" time="19.113"/>
  <testcase name="runScenario" classname="com.zerobank.runner.TestRunner" time="25.668">
    <failure type="java.lang.AssertionError">java.lang.AssertionError
</failure>
    <system-out><![CDATA[
@BillPayment
Scenario: Pay bills without entering Amount                  &amp#27;[90m# src/test/resources/zerobank.Features/Bill Payment.feature:23&amp#27;[0m
Navigated to Home Page
  &amp#27;[32mGiven &amp#27;[0m&amp#27;[32mI am on the Home Page&amp#27;[0m                                &amp#27;[90m# com.zerobank.steps.BankSteps.i_am_on_home_page()&amp#27;[0m
Clicked on Sign In
  &amp#27;[32mAnd &amp#27;[0m&amp#27;[32mI click on Sign in&amp#27;[0m                                     &amp#27;[90m# com.zerobank.steps.BankSteps.i_click_on_sign_in()&amp#27;[0m
Entered username: username and password: password
  &amp#27;[32mWhen &amp#27;[0m&amp#27;[32mEnter crt username &amp#27;[0m&amp#27;[32m&amp#27;[1m"username"&amp#27;[0m&amp#27;[32m and password &amp#27;[0m&amp#27;[32m&amp#27;[1m"password"&amp#27;[0m &amp#27;[90m# com.zerobank.steps.BankSteps.enter_crt_username_and_password(java.lang.String,java.lang.String)&amp#27;[0m
Clicked the login button
  &amp#27;[32mAnd &amp#27;[0m&amp#27;[32mI click the login button&amp#27;[0m                               &amp#27;[90m# com.zerobank.steps.BankSteps.i_click_the_login_button()&amp#27;[0m
clicked on online banke menu
  &amp#27;[32mAnd &amp#27;[0m&amp#27;[32mclick Online Banking menu&amp#27;[0m                              &amp#27;[90m# com.zerobank.steps.BankSteps.click_online_banking_menu()&amp#27;[0m
clicked on Account sum
  &amp#27;[32mThen &amp#27;[0m&amp#27;[32mclick on Account summary&amp#27;[0m                              &amp#27;[90m# com.zerobank.steps.BankSteps.click_on_account_summary()&amp#27;[0m
  &amp#27;[32mAnd &amp#27;[0m&amp#27;[32mclick on Pay Bills&amp#27;[0m                                     &amp#27;[90m# com.zerobank.steps.BankSteps.click_on_pay_bills()&amp#27;[0m
  &amp#27;[32mThen &amp#27;[0m&amp#27;[32mselect a Payee&amp#27;[0m                                        &amp#27;[90m# com.zerobank.steps.BankSteps.select_a_payee()&amp#27;[0m
  &amp#27;[32mAnd &amp#27;[0m&amp#27;[32mLeave the Amount empty and Enter date &amp#27;[0m&amp#27;[32m&amp#27;[1m"28"&amp#27;[0m&amp#27;[32m on date&amp#27;[0m     &amp#27;[90m# com.zerobank.steps.BankSteps.leave_the_amount_empty_and_enter_date_on_date(java.lang.String)&amp#27;[0m
  &amp#27;[32mThen &amp#27;[0m&amp#27;[32mclick on pay button&amp#27;[0m                                   &amp#27;[90m# com.zerobank.steps.BankSteps.click_on_pay_button()&amp#27;[0m
Please fill out this field.is printing
  &amp#27;[31mAnd &amp#27;[0m&amp#27;[31m&amp#27;[0m&amp#27;[31m&amp#27;[1m"Amount field cannot be empty"&amp#27;[0m&amp#27;[31m alert is displayed&amp#27;[0m      &amp#27;[90m# com.zerobank.steps.BankSteps.alert_is_displayed(java.lang.String)&amp#27;[0m
      &amp#27;[31mjava.lang.AssertionError
	at org.junit.Assert.fail(Assert.java:87)
	at org.junit.Assert.assertTrue(Assert.java:42)
	at org.junit.Assert.assertTrue(Assert.java:53)
	at com.zerobank.steps.BankSteps.alert_is_displayed(BankSteps.java:209)
	at âœ½."Amount field cannot be empty" alert is displayed(file:///C:/Users/Administrator/Desktop/final/zero-bank-capstone/src/test/resources/zerobank.Features/Bill%20Payment.feature:29)
&amp#27;[0m
Browser closed
]]></system-out>
    <system-err><![CDATA[Mar 21, 2025 10:22:38 PM org.openqa.selenium.devtools.CdpVersionFinder findNearestMatch
WARNING: Unable to find an exact match for CDP version 134, returning the closest version; found: 131; Please update to a Selenium version that supports CDP version 134
]]></system-err>
  </testcase>
  <testcase name="runScenario" classname="com.zerobank.runner.TestRunner" time="16.405"/>
  <testcase name="runScenario" classname="com.zerobank.runner.TestRunner" time="17.209">
    <failure type="java.lang.AssertionError">java.lang.AssertionError
</failure>
    <system-out><![CDATA[
@BillPayment
Scenario: Add payee with missing Details                                             &amp#27;[90m# src/test/resources/zerobank.Features/Bill Payment.feature:37&amp#27;[0m
Navigated to Home Page
  &amp#27;[32mGiven &amp#27;[0m&amp#27;[32mI am on the Home Page&amp#27;[0m                                                        &amp#27;[90m# com.zerobank.steps.BankSteps.i_am_on_home_page()&amp#27;[0m
Clicked on Sign In
  &amp#27;[32mAnd &amp#27;[0m&amp#27;[32mI click on Sign in&amp#27;[0m                                                             &amp#27;[90m# com.zerobank.steps.BankSteps.i_click_on_sign_in()&amp#27;[0m
Entered username: username and password: password
  &amp#27;[32mWhen &amp#27;[0m&amp#27;[32mEnter crt username &amp#27;[0m&amp#27;[32m&amp#27;[1m"username"&amp#27;[0m&amp#27;[32m and password &amp#27;[0m&amp#27;[32m&amp#27;[1m"password"&amp#27;[0m                         &amp#27;[90m# com.zerobank.steps.BankSteps.enter_crt_username_and_password(java.lang.String,java.lang.String)&amp#27;[0m
Clicked the login button
  &amp#27;[32mAnd &amp#27;[0m&amp#27;[32mI click the login button&amp#27;[0m                                                       &amp#27;[90m# com.zerobank.steps.BankSteps.i_click_the_login_button()&amp#27;[0m
clicked on online banke menu
  &amp#27;[32mAnd &amp#27;[0m&amp#27;[32mclick Online Banking menu&amp#27;[0m                                                      &amp#27;[90m# com.zerobank.steps.BankSteps.click_online_banking_menu()&amp#27;[0m
clicked on Account sum
  &amp#27;[32mThen &amp#27;[0m&amp#27;[32mclick on Account summary&amp#27;[0m                                                      &amp#27;[90m# com.zerobank.steps.BankSteps.click_on_account_summary()&amp#27;[0m
  &amp#27;[32mAnd &amp#27;[0m&amp#27;[32mclick on Pay Bills&amp#27;[0m                                                             &amp#27;[90m# com.zerobank.steps.BankSteps.click_on_pay_bills()&amp#27;[0m
  &amp#27;[32mThen &amp#27;[0m&amp#27;[32mclick on add new payee&amp#27;[0m                                                        &amp#27;[90m# com.zerobank.steps.BankSteps.click_on_add_new_payee()&amp#27;[0m
  &amp#27;[32mThen &amp#27;[0m&amp#27;[32madd name &amp#27;[0m&amp#27;[32m&amp#27;[1m"sathish"&amp#27;[0m&amp#27;[32m,address &amp#27;[0m&amp#27;[32m&amp#27;[1m""&amp#27;[0m&amp#27;[32m,accountno &amp#27;[0m&amp#27;[32m&amp#27;[1m"123123123"&amp#27;[0m&amp#27;[32m,detatils &amp#27;[0m&amp#27;[32m&amp#27;[1m"add new payee"&amp#27;[0m&amp#27;[32m.&amp#27;[0m &amp#27;[90m# com.zerobank.steps.BankSteps.add_name_address_accountno_detatils(java.lang.String,java.lang.String,java.lang.String,java.lang.String)&amp#27;[0m
  &amp#27;[32mThen &amp#27;[0m&amp#27;[32mclick Add button&amp#27;[0m                                                              &amp#27;[90m# com.zerobank.steps.BankSteps.click_add_button()&amp#27;[0m
Please fill out this field.is printing
  &amp#27;[31mAnd &amp#27;[0m&amp#27;[31mError &amp#27;[0m&amp#27;[31m&amp#27;[1m"All fields are required"&amp#27;[0m&amp#27;[31m should be displayed.&amp#27;[0m                           &amp#27;[90m# com.zerobank.steps.BankSteps.error_should_be_displayed(java.lang.String)&amp#27;[0m
      &amp#27;[31mjava.lang.AssertionError
	at org.junit.Assert.fail(Assert.java:87)
	at org.junit.Assert.assertTrue(Assert.java:42)
	at org.junit.Assert.assertTrue(Assert.java:53)
	at com.zerobank.steps.BankSteps.error_should_be_displayed(BankSteps.java:237)
	at âœ½.Error "All fields are required" should be displayed.(file:///C:/Users/Administrator/Desktop/final/zero-bank-capstone/src/test/resources/zerobank.Features/Bill%20Payment.feature:43)
&amp#27;[0m
Browser closed
]]></system-out>
    <system-err><![CDATA[Mar 21, 2025 10:23:20 PM org.openqa.selenium.devtools.CdpVersionFinder findNearestMatch
WARNING: Unable to find an exact match for CDP version 134, returning the closest version; found: 131; Please update to a Selenium version that supports CDP version 134
]]></system-err>
  </testcase>
  <testcase name="runScenario" classname="com.zerobank.runner.TestRunner" time="16.164"/>
  <testcase name="runScenario" classname="com.zerobank.runner.TestRunner" time="12.303"/>
  <testcase name="runScenario" classname="com.zerobank.runner.TestRunner" time="13.671">
    <failure type="java.lang.AssertionError">java.lang.AssertionError
</failure>
    <system-out><![CDATA[
@FundTransfer
Scenario: Fund transfer with insufficient balance            &amp#27;[90m# src/test/resources/zerobank.Features/FundTransferModule.feature:16&amp#27;[0m
Navigated to Home Page
  &amp#27;[32mGiven &amp#27;[0m&amp#27;[32mI am on the Home Page&amp#27;[0m                                &amp#27;[90m# com.zerobank.steps.BankSteps.i_am_on_home_page()&amp#27;[0m
Clicked on Sign In
  &amp#27;[32mAnd &amp#27;[0m&amp#27;[32mI click on Sign in&amp#27;[0m                                     &amp#27;[90m# com.zerobank.steps.BankSteps.i_click_on_sign_in()&amp#27;[0m
Entered username: username and password: password
  &amp#27;[32mWhen &amp#27;[0m&amp#27;[32mEnter crt username &amp#27;[0m&amp#27;[32m&amp#27;[1m"username"&amp#27;[0m&amp#27;[32m and password &amp#27;[0m&amp#27;[32m&amp#27;[1m"password"&amp#27;[0m &amp#27;[90m# com.zerobank.steps.BankSteps.enter_crt_username_and_password(java.lang.String,java.lang.String)&amp#27;[0m
Clicked the login button
  &amp#27;[32mAnd &amp#27;[0m&amp#27;[32mI click the login button&amp#27;[0m                               &amp#27;[90m# com.zerobank.steps.BankSteps.i_click_the_login_button()&amp#27;[0m
clicked on online banke menu
  &amp#27;[32mAnd &amp#27;[0m&amp#27;[32mclick Online Banking menu&amp#27;[0m                              &amp#27;[90m# com.zerobank.steps.BankSteps.click_online_banking_menu()&amp#27;[0m
clicked on Account sum
  &amp#27;[32mThen &amp#27;[0m&amp#27;[32mclick on Account summary&amp#27;[0m                              &amp#27;[90m# com.zerobank.steps.BankSteps.click_on_account_summary()&amp#27;[0m
  &amp#27;[32mThen &amp#27;[0m&amp#27;[32mclick on Transfer fund menu&amp#27;[0m                           &amp#27;[90m# com.zerobank.steps.BankSteps.click_on_transfer_fund_menu()&amp#27;[0m
  &amp#27;[32mAnd &amp#27;[0m&amp#27;[32mclick From and To Accounts&amp#27;[0m                             &amp#27;[90m# com.zerobank.steps.BankSteps.click_from_and_to_accounts()&amp#27;[0m
  &amp#27;[32mAnd &amp#27;[0m&amp#27;[32mEnter a more than Amount &amp#27;[0m&amp#27;[32m&amp#27;[1m"80000"&amp#27;[0m                       &amp#27;[90m# com.zerobank.steps.BankSteps.enter_a_more_than_amount(java.lang.String)&amp#27;[0m
  &amp#27;[32mThen &amp#27;[0m&amp#27;[32mclick continue&amp#27;[0m                                        &amp#27;[90m# com.zerobank.steps.BankSteps.click_continue()&amp#27;[0m
  &amp#27;[31mAnd &amp#27;[0m&amp#27;[31m&amp#27;[0m&amp#27;[31m&amp#27;[1m"Insufficent funds"&amp#27;[0m&amp#27;[31m should be displayed&amp#27;[0m                &amp#27;[90m# com.zerobank.steps.BankSteps.should_be_displayed(java.lang.String)&amp#27;[0m
      &amp#27;[31mjava.lang.AssertionError
	at org.junit.Assert.fail(Assert.java:87)
	at org.junit.Assert.assertTrue(Assert.java:42)
	at org.junit.Assert.assertTrue(Assert.java:53)
	at com.zerobank.steps.BankSteps.should_be_displayed(BankSteps.java:167)
	at âœ½."Insufficent funds" should be displayed(file:///C:/Users/Administrator/Desktop/final/zero-bank-capstone/src/test/resources/zerobank.Features/FundTransferModule.feature:22)
&amp#27;[0m
Browser closed
]]></system-out>
    <system-err><![CDATA[Mar 21, 2025 10:24:06 PM org.openqa.selenium.devtools.CdpVersionFinder findNearestMatch
WARNING: Unable to find an exact match for CDP version 134, returning the closest version; found: 131; Please update to a Selenium version that supports CDP version 134
]]></system-err>
  </testcase>
  <testcase name="runScenario" classname="com.zerobank.runner.TestRunner" time="15.209">
    <failure type="java.lang.AssertionError">java.lang.AssertionError
</failure>
    <system-out><![CDATA[
@FundTransfer
Scenario: Fund transfer with negative amount                 &amp#27;[90m# src/test/resources/zerobank.Features/FundTransferModule.feature:23&amp#27;[0m
Navigated to Home Page
  &amp#27;[32mGiven &amp#27;[0m&amp#27;[32mI am on the Home Page&amp#27;[0m                                &amp#27;[90m# com.zerobank.steps.BankSteps.i_am_on_home_page()&amp#27;[0m
Clicked on Sign In
  &amp#27;[32mAnd &amp#27;[0m&amp#27;[32mI click on Sign in&amp#27;[0m                                     &amp#27;[90m# com.zerobank.steps.BankSteps.i_click_on_sign_in()&amp#27;[0m
Entered username: username and password: password
  &amp#27;[32mWhen &amp#27;[0m&amp#27;[32mEnter crt username &amp#27;[0m&amp#27;[32m&amp#27;[1m"username"&amp#27;[0m&amp#27;[32m and password &amp#27;[0m&amp#27;[32m&amp#27;[1m"password"&amp#27;[0m &amp#27;[90m# com.zerobank.steps.BankSteps.enter_crt_username_and_password(java.lang.String,java.lang.String)&amp#27;[0m
Clicked the login button
  &amp#27;[32mAnd &amp#27;[0m&amp#27;[32mI click the login button&amp#27;[0m                               &amp#27;[90m# com.zerobank.steps.BankSteps.i_click_the_login_button()&amp#27;[0m
clicked on online banke menu
  &amp#27;[32mAnd &amp#27;[0m&amp#27;[32mclick Online Banking menu&amp#27;[0m                              &amp#27;[90m# com.zerobank.steps.BankSteps.click_online_banking_menu()&amp#27;[0m
clicked on Account sum
  &amp#27;[32mThen &amp#27;[0m&amp#27;[32mclick on Account summary&amp#27;[0m                              &amp#27;[90m# com.zerobank.steps.BankSteps.click_on_account_summary()&amp#27;[0m
  &amp#27;[32mAnd &amp#27;[0m&amp#27;[32mclick on Transfer fund menu&amp#27;[0m                            &amp#27;[90m# com.zerobank.steps.BankSteps.click_on_transfer_fund_menu()&amp#27;[0m
  &amp#27;[32mAnd &amp#27;[0m&amp#27;[32mclick From and To Accounts&amp#27;[0m                             &amp#27;[90m# com.zerobank.steps.BankSteps.click_from_and_to_accounts()&amp#27;[0m
  &amp#27;[32mThen &amp#27;[0m&amp#27;[32mEnter a negative Amount &amp#27;[0m&amp#27;[32m&amp#27;[1m"-300"&amp#27;[0m                        &amp#27;[90m# com.zerobank.steps.BankSteps.enter_a_negative_amount(java.lang.String)&amp#27;[0m
  &amp#27;[32mThen &amp#27;[0m&amp#27;[32mclick continue&amp#27;[0m                                        &amp#27;[90m# com.zerobank.steps.BankSteps.click_continue()&amp#27;[0m
  &amp#27;[31mAnd &amp#27;[0m&amp#27;[31m&amp#27;[0m&amp#27;[31m&amp#27;[1m"Invalid amount entered"&amp#27;[0m&amp#27;[31m should be displayed&amp#27;[0m           &amp#27;[90m# com.zerobank.steps.BankSteps.should_be_displayed(java.lang.String)&amp#27;[0m
      &amp#27;[31mjava.lang.AssertionError
	at org.junit.Assert.fail(Assert.java:87)
	at org.junit.Assert.assertTrue(Assert.java:42)
	at org.junit.Assert.assertTrue(Assert.java:53)
	at com.zerobank.steps.BankSteps.should_be_displayed(BankSteps.java:167)
	at âœ½."Invalid amount entered" should be displayed(file:///C:/Users/Administrator/Desktop/final/zero-bank-capstone/src/test/resources/zerobank.Features/FundTransferModule.feature:29)
&amp#27;[0m
Browser closed
]]></system-out>
    <system-err><![CDATA[Mar 21, 2025 10:24:19 PM org.openqa.selenium.devtools.CdpVersionFinder findNearestMatch
WARNING: Unable to find an exact match for CDP version 134, returning the closest version; found: 131; Please update to a Selenium version that supports CDP version 134
]]></system-err>
  </testcase>
  <testcase name="runScenario" classname="com.zerobank.runner.TestRunner" time="10.004"/>
  <testcase name="runScenario" classname="com.zerobank.runner.TestRunner" time="10.627"/>
  <testcase name="runScenario" classname="com.zerobank.runner.TestRunner" time="10.821"/>
  <testcase name="runScenario" classname="com.zerobank.runner.TestRunner" time="11.873"/>
  <testcase name="runScenario" classname="com.zerobank.runner.TestRunner" time="9.198"/>
  <testcase name="runScenario" classname="com.zerobank.runner.TestRunner" time="8.932"/>
  <testcase name="runScenario" classname="com.zerobank.runner.TestRunner" time="7.795"/>
</testsuite>