<?xml version="1.0" encoding="UTF-8"?>
<testng-results ignored="0" total="16" passed="16" failed="0" skipped="0">
  <reporter-output>
  </reporter-output>
  <suite started-at="2025-03-21T19:51:35 PDT" name="Default suite" finished-at="2025-03-21T19:55:23 PDT" duration-ms="228493">
    <groups>
      <group name="cucumber">
        <method signature="AbstractTestNGCucumberTests.runScenario(io.cucumber.testng.PickleWrapper,io.cucumber.testng.FeatureWrapper)[pri:0, instance:com.zerobank.runner.TestRunner@609bcfb6]" name="runScenario" class="io.cucumber.testng.AbstractTestNGCucumberTests"/>
      </group> <!-- cucumber -->
    </groups>
    <test started-at="2025-03-21T19:51:35 PDT" name="Default test" finished-at="2025-03-21T19:55:23 PDT" duration-ms="228493">
      <class name="com.zerobank.runner.TestRunner">
        <test-method is-config="true" signature="setUpClass(org.testng.ITestContext)[pri:0, instance:com.zerobank.runner.TestRunner@609bcfb6]" started-at="2025-03-21T19:51:35 PDT" name="setUpClass" finished-at="2025-03-21T19:51:38 PDT" duration-ms="3317" status="PASS">
          <params>
            <param index="0">
              <value>
                <![CDATA[org.testng.TestRunner@4e933cf1]]>
              </value>
            </param>
          </params>
          <reporter-output>
          </reporter-output>
        </test-method> <!-- setUpClass -->
        <test-method signature="runScenario(io.cucumber.testng.PickleWrapper,io.cucumber.testng.FeatureWrapper)[pri:0, instance:com.zerobank.runner.TestRunner@609bcfb6]" started-at="2025-03-21T19:51:38 PDT" name="runScenario" description="Runs Cucumber Scenarios" data-provider="scenarios" finished-at="2025-03-21T19:51:59 PDT" duration-ms="20918" status="PASS">
          <params>
            <param index="0">
              <value>
                <![CDATA["successful Bill Payment"]]>
              </value>
            </param>
            <param index="1">
              <value>
                <![CDATA["User Login and Bill Payment fucntionality"]]>
              </value>
            </param>
          </params>
          <reporter-output>
          </reporter-output>
        </test-method> <!-- runScenario -->
        <test-method signature="runScenario(io.cucumber.testng.PickleWrapper,io.cucumber.testng.FeatureWrapper)[pri:0, instance:com.zerobank.runner.TestRunner@609bcfb6]" started-at="2025-03-21T19:51:59 PDT" name="runScenario" description="Runs Cucumber Scenarios" data-provider="scenarios" finished-at="2025-03-21T19:52:16 PDT" duration-ms="17286" status="PASS">
          <params>
            <param index="0">
              <value>
                <![CDATA["Scheduling a bill payment for future date"]]>
              </value>
            </param>
            <param index="1">
              <value>
                <![CDATA["User Login and Bill Payment fucntionality"]]>
              </value>
            </param>
          </params>
          <reporter-output>
          </reporter-output>
        </test-method> <!-- runScenario -->
        <test-method signature="runScenario(io.cucumber.testng.PickleWrapper,io.cucumber.testng.FeatureWrapper)[pri:0, instance:com.zerobank.runner.TestRunner@609bcfb6]" started-at="2025-03-21T19:52:16 PDT" name="runScenario" description="Runs Cucumber Scenarios" data-provider="scenarios" finished-at="2025-03-21T19:52:43 PDT" duration-ms="26364" status="PASS">
          <params>
            <param index="0">
              <value>
                <![CDATA["Pay bills without entering Amount"]]>
              </value>
            </param>
            <param index="1">
              <value>
                <![CDATA["User Login and Bill Payment fucntionality"]]>
              </value>
            </param>
          </params>
          <reporter-output>
          </reporter-output>
        </test-method> <!-- runScenario -->
        <test-method signature="runScenario(io.cucumber.testng.PickleWrapper,io.cucumber.testng.FeatureWrapper)[pri:0, instance:com.zerobank.runner.TestRunner@609bcfb6]" started-at="2025-03-21T19:52:43 PDT" name="runScenario" description="Runs Cucumber Scenarios" data-provider="scenarios" finished-at="2025-03-21T19:52:58 PDT" duration-ms="15084" status="PASS">
          <params>
            <param index="0">
              <value>
                <![CDATA["Successfully Add new Payee"]]>
              </value>
            </param>
            <param index="1">
              <value>
                <![CDATA["User Login and Bill Payment fucntionality"]]>
              </value>
            </param>
          </params>
          <reporter-output>
          </reporter-output>
        </test-method> <!-- runScenario -->
        <test-method signature="runScenario(io.cucumber.testng.PickleWrapper,io.cucumber.testng.FeatureWrapper)[pri:0, instance:com.zerobank.runner.TestRunner@609bcfb6]" started-at="2025-03-21T19:52:58 PDT" name="runScenario" description="Runs Cucumber Scenarios" data-provider="scenarios" finished-at="2025-03-21T19:53:15 PDT" duration-ms="16728" status="PASS">
          <params>
            <param index="0">
              <value>
                <![CDATA["Add payee with missing Details"]]>
              </value>
            </param>
            <param index="1">
              <value>
                <![CDATA["User Login and Bill Payment fucntionality"]]>
              </value>
            </param>
          </params>
          <reporter-output>
          </reporter-output>
        </test-method> <!-- runScenario -->
        <test-method signature="runScenario(io.cucumber.testng.PickleWrapper,io.cucumber.testng.FeatureWrapper)[pri:0, instance:com.zerobank.runner.TestRunner@609bcfb6]" started-at="2025-03-21T19:53:15 PDT" name="runScenario" description="Runs Cucumber Scenarios" data-provider="scenarios" finished-at="2025-03-21T19:53:30 PDT" duration-ms="15829" status="PASS">
          <params>
            <param index="0">
              <value>
                <![CDATA["To  Verfiy that the account Statement can be downloaded"]]>
              </value>
            </param>
            <param index="1">
              <value>
                <![CDATA["Checking on account statement pdf Download"]]>
              </value>
            </param>
          </params>
          <reporter-output>
          </reporter-output>
        </test-method> <!-- runScenario -->
        <test-method signature="runScenario(io.cucumber.testng.PickleWrapper,io.cucumber.testng.FeatureWrapper)[pri:0, instance:com.zerobank.runner.TestRunner@609bcfb6]" started-at="2025-03-21T19:53:30 PDT" name="runScenario" description="Runs Cucumber Scenarios" data-provider="scenarios" finished-at="2025-03-21T19:53:44 PDT" duration-ms="13289" status="PASS">
          <params>
            <param index="0">
              <value>
                <![CDATA["Successful Fund Transfer"]]>
              </value>
            </param>
            <param index="1">
              <value>
                <![CDATA["User Login and Fund Transfer functionality"]]>
              </value>
            </param>
          </params>
          <reporter-output>
          </reporter-output>
        </test-method> <!-- runScenario -->
        <test-method signature="runScenario(io.cucumber.testng.PickleWrapper,io.cucumber.testng.FeatureWrapper)[pri:0, instance:com.zerobank.runner.TestRunner@609bcfb6]" started-at="2025-03-21T19:53:44 PDT" name="runScenario" description="Runs Cucumber Scenarios" data-provider="scenarios" finished-at="2025-03-21T19:53:58 PDT" duration-ms="14368" status="PASS">
          <params>
            <param index="0">
              <value>
                <![CDATA["Fund transfer with insufficient balance"]]>
              </value>
            </param>
            <param index="1">
              <value>
                <![CDATA["User Login and Fund Transfer functionality"]]>
              </value>
            </param>
          </params>
          <reporter-output>
          </reporter-output>
        </test-method> <!-- runScenario -->
        <test-method signature="runScenario(io.cucumber.testng.PickleWrapper,io.cucumber.testng.FeatureWrapper)[pri:0, instance:com.zerobank.runner.TestRunner@609bcfb6]" started-at="2025-03-21T19:53:58 PDT" name="runScenario" description="Runs Cucumber Scenarios" data-provider="scenarios" finished-at="2025-03-21T19:54:12 PDT" duration-ms="13851" status="PASS">
          <params>
            <param index="0">
              <value>
                <![CDATA["Fund transfer with negative amount"]]>
              </value>
            </param>
            <param index="1">
              <value>
                <![CDATA["User Login and Fund Transfer functionality"]]>
              </value>
            </param>
          </params>
          <reporter-output>
          </reporter-output>
        </test-method> <!-- runScenario -->
        <test-method signature="runScenario(io.cucumber.testng.PickleWrapper,io.cucumber.testng.FeatureWrapper)[pri:0, instance:com.zerobank.runner.TestRunner@609bcfb6]" started-at="2025-03-21T19:54:12 PDT" name="runScenario" description="Runs Cucumber Scenarios" data-provider="scenarios" finished-at="2025-03-21T19:54:23 PDT" duration-ms="11045" status="PASS">
          <params>
            <param index="0">
              <value>
                <![CDATA["To check user can logout successfully"]]>
              </value>
            </param>
            <param index="1">
              <value>
                <![CDATA["User Login and Logout Functionality"]]>
              </value>
            </param>
          </params>
          <reporter-output>
          </reporter-output>
        </test-method> <!-- runScenario -->
        <test-method signature="runScenario(io.cucumber.testng.PickleWrapper,io.cucumber.testng.FeatureWrapper)[pri:0, instance:com.zerobank.runner.TestRunner@609bcfb6]" started-at="2025-03-21T19:54:23 PDT" name="runScenario" description="Runs Cucumber Scenarios" data-provider="scenarios" finished-at="2025-03-21T19:54:35 PDT" duration-ms="11560" status="PASS">
          <params>
            <param index="0">
              <value>
                <![CDATA["To ensure session expire after logout"]]>
              </value>
            </param>
            <param index="1">
              <value>
                <![CDATA["User Login and Logout Functionality"]]>
              </value>
            </param>
          </params>
          <reporter-output>
          </reporter-output>
        </test-method> <!-- runScenario -->
        <test-method signature="runScenario(io.cucumber.testng.PickleWrapper,io.cucumber.testng.FeatureWrapper)[pri:0, instance:com.zerobank.runner.TestRunner@609bcfb6]" started-at="2025-03-21T19:54:35 PDT" name="runScenario" description="Runs Cucumber Scenarios" data-provider="scenarios" finished-at="2025-03-21T19:54:47 PDT" duration-ms="12145" status="PASS">
          <params>
            <param index="0">
              <value>
                <![CDATA["verify the correctness of account details"]]>
              </value>
            </param>
            <param index="1">
              <value>
                <![CDATA["User Login and Account Summary Functionality"]]>
              </value>
            </param>
          </params>
          <reporter-output>
          </reporter-output>
        </test-method> <!-- runScenario -->
        <test-method signature="runScenario(io.cucumber.testng.PickleWrapper,io.cucumber.testng.FeatureWrapper)[pri:0, instance:com.zerobank.runner.TestRunner@609bcfb6]" started-at="2025-03-21T19:54:47 PDT" name="runScenario" description="Runs Cucumber Scenarios" data-provider="scenarios" finished-at="2025-03-21T19:54:58 PDT" duration-ms="11817" status="PASS">
          <params>
            <param index="0">
              <value>
                <![CDATA["Validate Account types"]]>
              </value>
            </param>
            <param index="1">
              <value>
                <![CDATA["User Login and Account Summary Functionality"]]>
              </value>
            </param>
          </params>
          <reporter-output>
          </reporter-output>
        </test-method> <!-- runScenario -->
        <test-method signature="runScenario(io.cucumber.testng.PickleWrapper,io.cucumber.testng.FeatureWrapper)[pri:0, instance:com.zerobank.runner.TestRunner@609bcfb6]" started-at="2025-03-21T19:54:58 PDT" name="runScenario" description="Runs Cucumber Scenarios" data-provider="scenarios" finished-at="2025-03-21T19:55:07 PDT" duration-ms="8940" status="PASS">
          <params>
            <param index="0">
              <value>
                <![CDATA["User login valid credentials"]]>
              </value>
            </param>
            <param index="1">
              <value>
                <![CDATA["User Login and Account Summary Functionality"]]>
              </value>
            </param>
          </params>
          <reporter-output>
          </reporter-output>
        </test-method> <!-- runScenario -->
        <test-method signature="runScenario(io.cucumber.testng.PickleWrapper,io.cucumber.testng.FeatureWrapper)[pri:0, instance:com.zerobank.runner.TestRunner@609bcfb6]" started-at="2025-03-21T19:55:07 PDT" name="runScenario" description="Runs Cucumber Scenarios" data-provider="scenarios" finished-at="2025-03-21T19:55:15 PDT" duration-ms="7456" status="PASS">
          <params>
            <param index="0">
              <value>
                <![CDATA["User login invalid credentials"]]>
              </value>
            </param>
            <param index="1">
              <value>
                <![CDATA["User Login and Account Summary Functionality"]]>
              </value>
            </param>
          </params>
          <reporter-output>
          </reporter-output>
        </test-method> <!-- runScenario -->
        <test-method signature="runScenario(io.cucumber.testng.PickleWrapper,io.cucumber.testng.FeatureWrapper)[pri:0, instance:com.zerobank.runner.TestRunner@609bcfb6]" started-at="2025-03-21T19:55:15 PDT" name="runScenario" description="Runs Cucumber Scenarios" data-provider="scenarios" finished-at="2025-03-21T19:55:22 PDT" duration-ms="7318" status="PASS">
          <params>
            <param index="0">
              <value>
                <![CDATA["User login invalid credentials"]]>
              </value>
            </param>
            <param index="1">
              <value>
                <![CDATA["User Login and Account Summary Functionality"]]>
              </value>
            </param>
          </params>
          <reporter-output>
          </reporter-output>
        </test-method> <!-- runScenario -->
        <test-method is-config="true" signature="tearDownClass()[pri:0, instance:com.zerobank.runner.TestRunner@609bcfb6]" started-at="2025-03-21T19:55:22 PDT" name="tearDownClass" finished-at="2025-03-21T19:55:23 PDT" duration-ms="968" status="PASS">
          <reporter-output>
          </reporter-output>
        </test-method> <!-- tearDownClass -->
      </class> <!-- com.zerobank.runner.TestRunner -->
    </test> <!-- Default test -->
  </suite> <!-- Default suite -->
</testng-results>
